build/outputs/logs/manifest-merger-debug-report.txt
-- Merging decision tree log ---
manifest
ADDED from src/main/AndroidManifest.xml:2:1-43:12
INJECTED from src/main/AndroidManifest.xml:2:1-43:12
INJECTED from src/main/AndroidManifest.xml:2:1-43:12
	package
		ADDED from src/main/AndroidManifest.xml:3:5-38
		INJECTED from src/main/AndroidManifest.xml
		INJECTED from src/main/AndroidManifest.xml
	xmlns:android
		ADDED from src/main/AndroidManifest.xml:2:11-69
uses-permission#android.permission.ACCESS_NETWORK_STATE
ADDED from src/main/AndroidManifest.xml:5:5-79
	android:name
		ADDED from src/main/AndroidManifest.xml:5:22-76
uses-permission#android.permission.VIBRATE
ADDED from src/main/AndroidManifest.xml:6:5-66
	android:name
		ADDED from src/main/AndroidManifest.xml:6:22-63
uses-permission#android.permission.WAKE_LOCK
ADDED from src/main/AndroidManifest.xml:8:5-68
	android:name
		ADDED from src/main/AndroidManifest.xml:8:22-65
uses-permission#android.permission.DISABLE_KEYGUARD
ADDED from src/main/AndroidManifest.xml:9:5-75
	android:name
		ADDED from src/main/AndroidManifest.xml:9:22-72
application
ADDED from src/main/AndroidManifest.xml:11:5-41:19
receiver#com.dds.voip.recevier.PhoneStateChangedReceiver
ADDED from src/main/AndroidManifest.xml:12:9-16:20
	android:name
		ADDED from src/main/AndroidManifest.xml:12:19-81
intent-filter#action:name:android.intent.action.PHONE_STATE
ADDED from src/main/AndroidManifest.xml:13:13-15:29
	android:priority
		ADDED from src/main/AndroidManifest.xml:13:28-50
action#android.intent.action.PHONE_STATE
ADDED from src/main/AndroidManifest.xml:14:17-76
	android:name
		ADDED from src/main/AndroidManifest.xml:14:25-73
service#com.dds.voip.VoipService
ADDED from src/main/AndroidManifest.xml:18:9-21:39
	android:enabled
		ADDED from src/main/AndroidManifest.xml:20:13-35
	android:exported
		ADDED from src/main/AndroidManifest.xml:21:13-36
	android:name
		ADDED from src/main/AndroidManifest.xml:19:13-52
activity#com.dds.voip.VoipActivity
ADDED from src/main/AndroidManifest.xml:23:9-28:60
	android:screenOrientation
		ADDED from src/main/AndroidManifest.xml:27:13-49
	android:launchMode
		ADDED from src/main/AndroidManifest.xml:26:13-43
	android:configChanges
		ADDED from src/main/AndroidManifest.xml:25:13-63
	android:theme
		ADDED from src/main/AndroidManifest.xml:28:13-57
	android:name
		ADDED from src/main/AndroidManifest.xml:24:13-53
activity#com.dds.voip.OutgoingActivity
ADDED from src/main/AndroidManifest.xml:29:9-34:60
	android:screenOrientation
		ADDED from src/main/AndroidManifest.xml:33:13-49
	android:launchMode
		ADDED from src/main/AndroidManifest.xml:32:13-43
	android:configChanges
		ADDED from src/main/AndroidManifest.xml:31:13-63
	android:theme
		ADDED from src/main/AndroidManifest.xml:34:13-57
	android:name
		ADDED from src/main/AndroidManifest.xml:30:13-57
activity#com.dds.voip.IncomingActivity
ADDED from src/main/AndroidManifest.xml:35:9-40:60
	android:screenOrientation
		ADDED from src/main/AndroidManifest.xml:39:13-49
	android:launchMode
		ADDED from src/main/AndroidManifest.xml:38:13-43
	android:configChanges
		ADDED from src/main/AndroidManifest.xml:37:13-63
	android:theme
		ADDED from src/main/AndroidManifest.xml:40:13-57
	android:name
		ADDED from src/main/AndroidManifest.xml:36:13-57
uses-sdk
INJECTED from src/main/AndroidManifest.xml reason: use-sdk injection requested
INJECTED from src/main/AndroidManifest.xml
INJECTED from src/main/AndroidManifest.xml
INJECTED from src/main/AndroidManifest.xml
INJECTED from src/main/AndroidManifest.xml
	android:targetSdkVersion
		INJECTED from src/main/AndroidManifest.xml
		ADDED from src/main/AndroidManifest.xml
		INJECTED from src/main/AndroidManifest.xml
	android:minSdkVersion
		INJECTED from src/main/AndroidManifest.xml
		ADDED from src/main/AndroidManifest.xml
		INJECTED from src/main/AndroidManifest.xml